# Logfile created on 2014-07-21 17:20:58 -0500 by logger.rb/36483
I, [2014-07-21T17:20:58.452304 #25474]  INFO -- : 0:  rake (10.3.2) from /Users/mcatrett/.rvm/gems/ruby-2.0.0-p0/specifications/rake-10.3.2.gemspec
I, [2014-07-21T17:20:58.454281 #25474]  INFO -- : 0:  i18n (0.6.11) from /Users/mcatrett/.rvm/gems/ruby-2.0.0-p0/specifications/i18n-0.6.11.gemspec
I, [2014-07-21T17:20:58.455319 #25474]  INFO -- : 0:  minitest (4.7.5) from /Users/mcatrett/.rvm/gems/ruby-2.0.0-p0/specifications/minitest-4.7.5.gemspec
I, [2014-07-21T17:20:58.456613 #25474]  INFO -- : 0:  multi_json (1.10.1) from /Users/mcatrett/.rvm/gems/ruby-2.0.0-p0/specifications/multi_json-1.10.1.gemspec
I, [2014-07-21T17:20:58.457554 #25474]  INFO -- : 0:  thread_safe (0.3.4) from /Users/mcatrett/.rvm/gems/ruby-2.0.0-p0/specifications/thread_safe-0.3.4.gemspec
I, [2014-07-21T17:20:58.460214 #25474]  INFO -- : 0:  tzinfo (0.3.40) from /Users/mcatrett/.rvm/gems/ruby-2.0.0-p0/specifications/tzinfo-0.3.40.gemspec
I, [2014-07-21T17:20:58.460764 #25474]  INFO -- : 0:  activesupport (4.0.2) from /Users/mcatrett/.rvm/gems/ruby-2.0.0-p0/specifications/activesupport-4.0.2.gemspec
I, [2014-07-21T17:20:58.461266 #25474]  INFO -- : 0:  builder (3.1.4) from /Users/mcatrett/.rvm/gems/ruby-2.0.0-p0/specifications/builder-3.1.4.gemspec
I, [2014-07-21T17:20:58.461748 #25474]  INFO -- : 0:  erubis (2.7.0) from /Users/mcatrett/.rvm/gems/ruby-2.0.0-p0/specifications/erubis-2.7.0.gemspec
I, [2014-07-21T17:20:58.462230 #25474]  INFO -- : 0:  rack (1.5.2) from /Users/mcatrett/.rvm/gems/ruby-2.0.0-p0/specifications/rack-1.5.2.gemspec
I, [2014-07-21T17:20:58.462687 #25474]  INFO -- : 0:  rack-test (0.6.2) from /Users/mcatrett/.rvm/gems/ruby-2.0.0-p0/specifications/rack-test-0.6.2.gemspec
I, [2014-07-21T17:20:58.463182 #25474]  INFO -- : 0:  actionpack (4.0.2) from /Users/mcatrett/.rvm/gems/ruby-2.0.0-p0/specifications/actionpack-4.0.2.gemspec
I, [2014-07-21T17:20:58.463828 #25474]  INFO -- : 0:  mime-types (1.25.1) from /Users/mcatrett/.rvm/gems/ruby-2.0.0-p0/specifications/mime-types-1.25.1.gemspec
I, [2014-07-21T17:20:58.464573 #25474]  INFO -- : 0:  polyglot (0.3.5) from /Users/mcatrett/.rvm/gems/ruby-2.0.0-p0/specifications/polyglot-0.3.5.gemspec
I, [2014-07-21T17:20:58.465342 #25474]  INFO -- : 0:  treetop (1.4.15) from /Users/mcatrett/.rvm/gems/ruby-2.0.0-p0/specifications/treetop-1.4.15.gemspec
I, [2014-07-21T17:20:58.466913 #25474]  INFO -- : 0:  mail (2.5.4) from /Users/mcatrett/.rvm/gems/ruby-2.0.0-p0/specifications/mail-2.5.4.gemspec
I, [2014-07-21T17:20:58.467701 #25474]  INFO -- : 0:  actionmailer (4.0.2) from /Users/mcatrett/.rvm/gems/ruby-2.0.0-p0/specifications/actionmailer-4.0.2.gemspec
I, [2014-07-21T17:20:58.468490 #25474]  INFO -- : 0:  activemodel (4.0.2) from /Users/mcatrett/.rvm/gems/ruby-2.0.0-p0/specifications/activemodel-4.0.2.gemspec
I, [2014-07-21T17:20:58.469067 #25474]  INFO -- : 0:  activerecord-deprecated_finders (1.0.3) from /Users/mcatrett/.rvm/gems/ruby-2.0.0-p0/specifications/activerecord-deprecated_finders-1.0.3.gemspec
I, [2014-07-21T17:20:58.469553 #25474]  INFO -- : 0:  arel (4.0.2) from /Users/mcatrett/.rvm/gems/ruby-2.0.0-p0/specifications/arel-4.0.2.gemspec
I, [2014-07-21T17:20:58.470224 #25474]  INFO -- : 0:  activerecord (4.0.2) from /Users/mcatrett/.rvm/gems/ruby-2.0.0-p0/specifications/activerecord-4.0.2.gemspec
I, [2014-07-21T17:20:58.470787 #25474]  INFO -- : 0:  bundler (1.5.1) from /Users/mcatrett/.rvm/gems/ruby-2.0.0-p0/specifications/bundler-1.5.1.gemspec
I, [2014-07-21T17:20:58.471491 #25474]  INFO -- : 0:  coffee-script-source (1.7.1) from /Users/mcatrett/.rvm/gems/ruby-2.0.0-p0/specifications/coffee-script-source-1.7.1.gemspec
I, [2014-07-21T17:20:58.472463 #25474]  INFO -- : 0:  execjs (2.2.1) from /Users/mcatrett/.rvm/gems/ruby-2.0.0-p0/specifications/execjs-2.2.1.gemspec
I, [2014-07-21T17:20:58.473569 #25474]  INFO -- : 0:  coffee-script (2.3.0) from /Users/mcatrett/.rvm/gems/ruby-2.0.0-p0/specifications/coffee-script-2.3.0.gemspec
I, [2014-07-21T17:20:58.474622 #25474]  INFO -- : 0:  thor (0.19.1) from /Users/mcatrett/.rvm/gems/ruby-2.0.0-p0/specifications/thor-0.19.1.gemspec
I, [2014-07-21T17:20:58.476561 #25474]  INFO -- : 0:  railties (4.0.2) from /Users/mcatrett/.rvm/gems/ruby-2.0.0-p0/specifications/railties-4.0.2.gemspec
I, [2014-07-21T17:20:58.477130 #25474]  INFO -- : 0:  coffee-rails (4.0.1) from /Users/mcatrett/.rvm/gems/ruby-2.0.0-p0/specifications/coffee-rails-4.0.1.gemspec
I, [2014-07-21T17:20:58.477660 #25474]  INFO -- : 0:  hike (1.2.3) from /Users/mcatrett/.rvm/gems/ruby-2.0.0-p0/specifications/hike-1.2.3.gemspec
I, [2014-07-21T17:20:58.478167 #25474]  INFO -- : 0:  jbuilder (1.5.3) from /Users/mcatrett/.rvm/gems/ruby-2.0.0-p0/specifications/jbuilder-1.5.3.gemspec
I, [2014-07-21T17:20:58.478683 #25474]  INFO -- : 0:  jquery-rails (3.1.1) from /Users/mcatrett/.rvm/gems/ruby-2.0.0-p0/specifications/jquery-rails-3.1.1.gemspec
I, [2014-07-21T17:20:58.479198 #25474]  INFO -- : 0:  json (1.8.1) from /Users/mcatrett/.rvm/gems/ruby-2.0.0-p0/specifications/json-1.8.1.gemspec
I, [2014-07-21T17:20:58.479685 #25474]  INFO -- : 0:  tilt (1.4.1) from /Users/mcatrett/.rvm/gems/ruby-2.0.0-p0/specifications/tilt-1.4.1.gemspec
I, [2014-07-21T17:20:58.480226 #25474]  INFO -- : 0:  sprockets (2.11.0) from /Users/mcatrett/.rvm/gems/ruby-2.0.0-p0/specifications/sprockets-2.11.0.gemspec
I, [2014-07-21T17:20:58.480724 #25474]  INFO -- : 0:  sprockets-rails (2.0.1) from /Users/mcatrett/.rvm/gems/ruby-2.0.0-p0/specifications/sprockets-rails-2.0.1.gemspec
I, [2014-07-21T17:20:58.481269 #25474]  INFO -- : 0:  rails (4.0.2) from /Users/mcatrett/.rvm/gems/ruby-2.0.0-p0/specifications/rails-4.0.2.gemspec
I, [2014-07-21T17:20:58.481799 #25474]  INFO -- : 0:  sass (3.2.19) from /Users/mcatrett/.rvm/gems/ruby-2.0.0-p0/specifications/sass-3.2.19.gemspec
I, [2014-07-21T17:20:58.482412 #25474]  INFO -- : 0:  sass-rails (4.0.3) from /Users/mcatrett/.rvm/gems/ruby-2.0.0-p0/specifications/sass-rails-4.0.3.gemspec
I, [2014-07-21T17:20:58.483299 #25474]  INFO -- : 0:  sqlite3 (1.3.9) from /Users/mcatrett/.rvm/gems/ruby-2.0.0-p0/specifications/sqlite3-1.3.9.gemspec
I, [2014-07-21T17:20:58.484141 #25474]  INFO -- : 0:  turbolinks (2.2.2) from /Users/mcatrett/.rvm/gems/ruby-2.0.0-p0/specifications/turbolinks-2.2.2.gemspec
I, [2014-07-21T17:20:58.485090 #25474]  INFO -- : 0:  uglifier (2.5.3) from /Users/mcatrett/.rvm/gems/ruby-2.0.0-p0/specifications/uglifier-2.5.3.gemspec
I, [2014-07-21T17:41:31.599749 #26332]  INFO -- : 0:  rake (10.3.2) from /Users/mcatrett/.rvm/gems/ruby-2.0.0-p0/specifications/rake-10.3.2.gemspec
I, [2014-07-21T17:41:31.601144 #26332]  INFO -- : 0:  i18n (0.6.11) from /Users/mcatrett/.rvm/gems/ruby-2.0.0-p0/specifications/i18n-0.6.11.gemspec
I, [2014-07-21T17:41:31.601456 #26332]  INFO -- : 0:  minitest (4.7.5) from /Users/mcatrett/.rvm/gems/ruby-2.0.0-p0/specifications/minitest-4.7.5.gemspec
I, [2014-07-21T17:41:31.601841 #26332]  INFO -- : 0:  multi_json (1.10.1) from /Users/mcatrett/.rvm/gems/ruby-2.0.0-p0/specifications/multi_json-1.10.1.gemspec
I, [2014-07-21T17:41:31.602157 #26332]  INFO -- : 0:  thread_safe (0.3.4) from /Users/mcatrett/.rvm/gems/ruby-2.0.0-p0/specifications/thread_safe-0.3.4.gemspec
I, [2014-07-21T17:41:31.602464 #26332]  INFO -- : 0:  tzinfo (0.3.40) from /Users/mcatrett/.rvm/gems/ruby-2.0.0-p0/specifications/tzinfo-0.3.40.gemspec
I, [2014-07-21T17:41:31.602742 #26332]  INFO -- : 0:  activesupport (4.0.2) from /Users/mcatrett/.rvm/gems/ruby-2.0.0-p0/specifications/activesupport-4.0.2.gemspec
I, [2014-07-21T17:41:31.603019 #26332]  INFO -- : 0:  builder (3.1.4) from /Users/mcatrett/.rvm/gems/ruby-2.0.0-p0/specifications/builder-3.1.4.gemspec
I, [2014-07-21T17:41:31.603284 #26332]  INFO -- : 0:  erubis (2.7.0) from /Users/mcatrett/.rvm/gems/ruby-2.0.0-p0/specifications/erubis-2.7.0.gemspec
I, [2014-07-21T17:41:31.603558 #26332]  INFO -- : 0:  rack (1.5.2) from /Users/mcatrett/.rvm/gems/ruby-2.0.0-p0/specifications/rack-1.5.2.gemspec
I, [2014-07-21T17:41:31.603819 #26332]  INFO -- : 0:  rack-test (0.6.2) from /Users/mcatrett/.rvm/gems/ruby-2.0.0-p0/specifications/rack-test-0.6.2.gemspec
I, [2014-07-21T17:41:31.604084 #26332]  INFO -- : 0:  actionpack (4.0.2) from /Users/mcatrett/.rvm/gems/ruby-2.0.0-p0/specifications/actionpack-4.0.2.gemspec
I, [2014-07-21T17:41:31.604460 #26332]  INFO -- : 0:  mime-types (1.25.1) from /Users/mcatrett/.rvm/gems/ruby-2.0.0-p0/specifications/mime-types-1.25.1.gemspec
I, [2014-07-21T17:41:31.604778 #26332]  INFO -- : 0:  polyglot (0.3.5) from /Users/mcatrett/.rvm/gems/ruby-2.0.0-p0/specifications/polyglot-0.3.5.gemspec
I, [2014-07-21T17:41:31.605043 #26332]  INFO -- : 0:  treetop (1.4.15) from /Users/mcatrett/.rvm/gems/ruby-2.0.0-p0/specifications/treetop-1.4.15.gemspec
I, [2014-07-21T17:41:31.605306 #26332]  INFO -- : 0:  mail (2.5.4) from /Users/mcatrett/.rvm/gems/ruby-2.0.0-p0/specifications/mail-2.5.4.gemspec
I, [2014-07-21T17:41:31.605750 #26332]  INFO -- : 0:  actionmailer (4.0.2) from /Users/mcatrett/.rvm/gems/ruby-2.0.0-p0/specifications/actionmailer-4.0.2.gemspec
I, [2014-07-21T17:41:31.606283 #26332]  INFO -- : 0:  activemodel (4.0.2) from /Users/mcatrett/.rvm/gems/ruby-2.0.0-p0/specifications/activemodel-4.0.2.gemspec
I, [2014-07-21T17:41:31.606831 #26332]  INFO -- : 0:  activerecord-deprecated_finders (1.0.3) from /Users/mcatrett/.rvm/gems/ruby-2.0.0-p0/specifications/activerecord-deprecated_finders-1.0.3.gemspec
I, [2014-07-21T17:41:31.607504 #26332]  INFO -- : 0:  arel (4.0.2) from /Users/mcatrett/.rvm/gems/ruby-2.0.0-p0/specifications/arel-4.0.2.gemspec
I, [2014-07-21T17:41:31.608212 #26332]  INFO -- : 0:  activerecord (4.0.2) from /Users/mcatrett/.rvm/gems/ruby-2.0.0-p0/specifications/activerecord-4.0.2.gemspec
I, [2014-07-21T17:41:31.608660 #26332]  INFO -- : 0:  bundler (1.5.1) from /Users/mcatrett/.rvm/gems/ruby-2.0.0-p0/specifications/bundler-1.5.1.gemspec
I, [2014-07-21T17:41:31.609047 #26332]  INFO -- : 0:  coffee-script-source (1.7.1) from /Users/mcatrett/.rvm/gems/ruby-2.0.0-p0/specifications/coffee-script-source-1.7.1.gemspec
I, [2014-07-21T17:41:31.609425 #26332]  INFO -- : 0:  execjs (2.2.1) from /Users/mcatrett/.rvm/gems/ruby-2.0.0-p0/specifications/execjs-2.2.1.gemspec
I, [2014-07-21T17:41:31.609813 #26332]  INFO -- : 0:  coffee-script (2.3.0) from /Users/mcatrett/.rvm/gems/ruby-2.0.0-p0/specifications/coffee-script-2.3.0.gemspec
I, [2014-07-21T17:41:31.610193 #26332]  INFO -- : 0:  thor (0.19.1) from /Users/mcatrett/.rvm/gems/ruby-2.0.0-p0/specifications/thor-0.19.1.gemspec
I, [2014-07-21T17:41:31.610706 #26332]  INFO -- : 0:  railties (4.0.2) from /Users/mcatrett/.rvm/gems/ruby-2.0.0-p0/specifications/railties-4.0.2.gemspec
I, [2014-07-21T17:41:31.611227 #26332]  INFO -- : 0:  coffee-rails (4.0.1) from /Users/mcatrett/.rvm/gems/ruby-2.0.0-p0/specifications/coffee-rails-4.0.1.gemspec
I, [2014-07-21T17:41:31.611642 #26332]  INFO -- : 0:  forgery (0.6.0) from /Users/mcatrett/.rvm/gems/ruby-2.0.0-p0/specifications/forgery-0.6.0.gemspec
I, [2014-07-21T17:41:31.612248 #26332]  INFO -- : 0:  hike (1.2.3) from /Users/mcatrett/.rvm/gems/ruby-2.0.0-p0/specifications/hike-1.2.3.gemspec
I, [2014-07-21T17:41:31.612699 #26332]  INFO -- : 0:  jbuilder (1.5.3) from /Users/mcatrett/.rvm/gems/ruby-2.0.0-p0/specifications/jbuilder-1.5.3.gemspec
I, [2014-07-21T17:41:31.613034 #26332]  INFO -- : 0:  jquery-rails (3.1.1) from /Users/mcatrett/.rvm/gems/ruby-2.0.0-p0/specifications/jquery-rails-3.1.1.gemspec
I, [2014-07-21T17:41:31.613658 #26332]  INFO -- : 0:  json (1.8.1) from /Users/mcatrett/.rvm/gems/ruby-2.0.0-p0/specifications/json-1.8.1.gemspec
I, [2014-07-21T17:41:31.614265 #26332]  INFO -- : 0:  tilt (1.4.1) from /Users/mcatrett/.rvm/gems/ruby-2.0.0-p0/specifications/tilt-1.4.1.gemspec
I, [2014-07-21T17:41:31.615028 #26332]  INFO -- : 0:  sprockets (2.11.0) from /Users/mcatrett/.rvm/gems/ruby-2.0.0-p0/specifications/sprockets-2.11.0.gemspec
I, [2014-07-21T17:41:31.615422 #26332]  INFO -- : 0:  sprockets-rails (2.0.1) from /Users/mcatrett/.rvm/gems/ruby-2.0.0-p0/specifications/sprockets-rails-2.0.1.gemspec
I, [2014-07-21T17:41:31.615795 #26332]  INFO -- : 0:  rails (4.0.2) from /Users/mcatrett/.rvm/gems/ruby-2.0.0-p0/specifications/rails-4.0.2.gemspec
I, [2014-07-21T17:41:31.616148 #26332]  INFO -- : 0:  sass (3.2.19) from /Users/mcatrett/.rvm/gems/ruby-2.0.0-p0/specifications/sass-3.2.19.gemspec
I, [2014-07-21T17:41:31.616551 #26332]  INFO -- : 0:  sass-rails (4.0.3) from /Users/mcatrett/.rvm/gems/ruby-2.0.0-p0/specifications/sass-rails-4.0.3.gemspec
I, [2014-07-21T17:41:31.616877 #26332]  INFO -- : 0:  simple_form (3.0.1) from /Users/mcatrett/.rvm/gems/ruby-2.0.0-p0/specifications/simple_form-3.0.1.gemspec
I, [2014-07-21T17:41:31.617203 #26332]  INFO -- : 0:  sqlite3 (1.3.9) from /Users/mcatrett/.rvm/gems/ruby-2.0.0-p0/specifications/sqlite3-1.3.9.gemspec
I, [2014-07-21T17:41:31.617549 #26332]  INFO -- : 0:  turbolinks (2.2.2) from /Users/mcatrett/.rvm/gems/ruby-2.0.0-p0/specifications/turbolinks-2.2.2.gemspec
I, [2014-07-21T17:41:31.617836 #26332]  INFO -- : 0:  uglifier (2.5.3) from /Users/mcatrett/.rvm/gems/ruby-2.0.0-p0/specifications/uglifier-2.5.3.gemspec
I, [2014-07-22T13:09:40.017678 #39309]  INFO -- : 0:  rake (10.3.2) from /Users/mcatrett/.rvm/gems/ruby-2.0.0-p0/specifications/rake-10.3.2.gemspec
I, [2014-07-22T13:09:40.019520 #39309]  INFO -- : 0:  i18n (0.6.11) from /Users/mcatrett/.rvm/gems/ruby-2.0.0-p0/specifications/i18n-0.6.11.gemspec
I, [2014-07-22T13:09:40.020486 #39309]  INFO -- : 0:  minitest (4.7.5) from /Users/mcatrett/.rvm/gems/ruby-2.0.0-p0/specifications/minitest-4.7.5.gemspec
I, [2014-07-22T13:09:40.021389 #39309]  INFO -- : 0:  multi_json (1.10.1) from /Users/mcatrett/.rvm/gems/ruby-2.0.0-p0/specifications/multi_json-1.10.1.gemspec
I, [2014-07-22T13:09:40.022285 #39309]  INFO -- : 0:  thread_safe (0.3.4) from /Users/mcatrett/.rvm/gems/ruby-2.0.0-p0/specifications/thread_safe-0.3.4.gemspec
I, [2014-07-22T13:09:40.023010 #39309]  INFO -- : 0:  tzinfo (0.3.40) from /Users/mcatrett/.rvm/gems/ruby-2.0.0-p0/specifications/tzinfo-0.3.40.gemspec
I, [2014-07-22T13:09:40.023859 #39309]  INFO -- : 0:  activesupport (4.0.2) from /Users/mcatrett/.rvm/gems/ruby-2.0.0-p0/specifications/activesupport-4.0.2.gemspec
I, [2014-07-22T13:09:40.024832 #39309]  INFO -- : 0:  builder (3.1.4) from /Users/mcatrett/.rvm/gems/ruby-2.0.0-p0/specifications/builder-3.1.4.gemspec
I, [2014-07-22T13:09:40.025569 #39309]  INFO -- : 0:  erubis (2.7.0) from /Users/mcatrett/.rvm/gems/ruby-2.0.0-p0/specifications/erubis-2.7.0.gemspec
I, [2014-07-22T13:09:40.026213 #39309]  INFO -- : 0:  rack (1.5.2) from /Users/mcatrett/.rvm/gems/ruby-2.0.0-p0/specifications/rack-1.5.2.gemspec
I, [2014-07-22T13:09:40.026880 #39309]  INFO -- : 0:  rack-test (0.6.2) from /Users/mcatrett/.rvm/gems/ruby-2.0.0-p0/specifications/rack-test-0.6.2.gemspec
I, [2014-07-22T13:09:40.027589 #39309]  INFO -- : 0:  actionpack (4.0.2) from /Users/mcatrett/.rvm/gems/ruby-2.0.0-p0/specifications/actionpack-4.0.2.gemspec
I, [2014-07-22T13:09:40.028203 #39309]  INFO -- : 0:  mime-types (1.25.1) from /Users/mcatrett/.rvm/gems/ruby-2.0.0-p0/specifications/mime-types-1.25.1.gemspec
I, [2014-07-22T13:09:40.028857 #39309]  INFO -- : 0:  polyglot (0.3.5) from /Users/mcatrett/.rvm/gems/ruby-2.0.0-p0/specifications/polyglot-0.3.5.gemspec
I, [2014-07-22T13:09:40.029456 #39309]  INFO -- : 0:  treetop (1.4.15) from /Users/mcatrett/.rvm/gems/ruby-2.0.0-p0/specifications/treetop-1.4.15.gemspec
I, [2014-07-22T13:09:40.029945 #39309]  INFO -- : 0:  mail (2.5.4) from /Users/mcatrett/.rvm/gems/ruby-2.0.0-p0/specifications/mail-2.5.4.gemspec
I, [2014-07-22T13:09:40.030425 #39309]  INFO -- : 0:  actionmailer (4.0.2) from /Users/mcatrett/.rvm/gems/ruby-2.0.0-p0/specifications/actionmailer-4.0.2.gemspec
I, [2014-07-22T13:09:40.030902 #39309]  INFO -- : 0:  activemodel (4.0.2) from /Users/mcatrett/.rvm/gems/ruby-2.0.0-p0/specifications/activemodel-4.0.2.gemspec
I, [2014-07-22T13:09:40.031496 #39309]  INFO -- : 0:  activerecord-deprecated_finders (1.0.3) from /Users/mcatrett/.rvm/gems/ruby-2.0.0-p0/specifications/activerecord-deprecated_finders-1.0.3.gemspec
I, [2014-07-22T13:09:40.032015 #39309]  INFO -- : 0:  arel (4.0.2) from /Users/mcatrett/.rvm/gems/ruby-2.0.0-p0/specifications/arel-4.0.2.gemspec
I, [2014-07-22T13:09:40.032590 #39309]  INFO -- : 0:  activerecord (4.0.2) from /Users/mcatrett/.rvm/gems/ruby-2.0.0-p0/specifications/activerecord-4.0.2.gemspec
I, [2014-07-22T13:09:40.033116 #39309]  INFO -- : 0:  execjs (2.2.1) from /Users/mcatrett/.rvm/gems/ruby-2.0.0-p0/specifications/execjs-2.2.1.gemspec
I, [2014-07-22T13:09:41.461851 #39309]  INFO -- : 0:  autoprefixer-rails (2.1.1.20140710) from /Users/mcatrett/.rvm/gems/ruby-2.0.0-p0/specifications/autoprefixer-rails-2.1.1.20140710.gemspec
I, [2014-07-22T13:09:41.462280 #39309]  INFO -- : 0:  sass (3.2.19) from /Users/mcatrett/.rvm/gems/ruby-2.0.0-p0/specifications/sass-3.2.19.gemspec
I, [2014-07-22T13:09:43.514327 #39309]  INFO -- : 0:  bootstrap-sass (3.2.0.0) from /Users/mcatrett/.rvm/gems/ruby-2.0.0-p0/specifications/bootstrap-sass-3.2.0.0.gemspec
I, [2014-07-22T13:09:43.514760 #39309]  INFO -- : 0:  bundler (1.5.1) from /Users/mcatrett/.rvm/gems/ruby-2.0.0-p0/specifications/bundler-1.5.1.gemspec
I, [2014-07-22T13:09:43.515045 #39309]  INFO -- : 0:  coffee-script-source (1.7.1) from /Users/mcatrett/.rvm/gems/ruby-2.0.0-p0/specifications/coffee-script-source-1.7.1.gemspec
I, [2014-07-22T13:09:43.515308 #39309]  INFO -- : 0:  coffee-script (2.3.0) from /Users/mcatrett/.rvm/gems/ruby-2.0.0-p0/specifications/coffee-script-2.3.0.gemspec
I, [2014-07-22T13:09:43.515700 #39309]  INFO -- : 0:  thor (0.19.1) from /Users/mcatrett/.rvm/gems/ruby-2.0.0-p0/specifications/thor-0.19.1.gemspec
I, [2014-07-22T13:09:43.515963 #39309]  INFO -- : 0:  railties (4.0.2) from /Users/mcatrett/.rvm/gems/ruby-2.0.0-p0/specifications/railties-4.0.2.gemspec
I, [2014-07-22T13:09:43.516212 #39309]  INFO -- : 0:  coffee-rails (4.0.1) from /Users/mcatrett/.rvm/gems/ruby-2.0.0-p0/specifications/coffee-rails-4.0.1.gemspec
I, [2014-07-22T13:09:43.516460 #39309]  INFO -- : 0:  forgery (0.6.0) from /Users/mcatrett/.rvm/gems/ruby-2.0.0-p0/specifications/forgery-0.6.0.gemspec
I, [2014-07-22T13:09:43.516699 #39309]  INFO -- : 0:  hike (1.2.3) from /Users/mcatrett/.rvm/gems/ruby-2.0.0-p0/specifications/hike-1.2.3.gemspec
I, [2014-07-22T13:09:43.516939 #39309]  INFO -- : 0:  jbuilder (1.5.3) from /Users/mcatrett/.rvm/gems/ruby-2.0.0-p0/specifications/jbuilder-1.5.3.gemspec
I, [2014-07-22T13:09:43.517180 #39309]  INFO -- : 0:  jquery-rails (3.1.1) from /Users/mcatrett/.rvm/gems/ruby-2.0.0-p0/specifications/jquery-rails-3.1.1.gemspec
I, [2014-07-22T13:09:43.517420 #39309]  INFO -- : 0:  json (1.8.1) from /Users/mcatrett/.rvm/gems/ruby-2.0.0-p0/specifications/json-1.8.1.gemspec
I, [2014-07-22T13:09:43.517654 #39309]  INFO -- : 0:  tilt (1.4.1) from /Users/mcatrett/.rvm/gems/ruby-2.0.0-p0/specifications/tilt-1.4.1.gemspec
I, [2014-07-22T13:09:43.517909 #39309]  INFO -- : 0:  sprockets (2.11.0) from /Users/mcatrett/.rvm/gems/ruby-2.0.0-p0/specifications/sprockets-2.11.0.gemspec
I, [2014-07-22T13:09:43.518146 #39309]  INFO -- : 0:  sprockets-rails (2.0.1) from /Users/mcatrett/.rvm/gems/ruby-2.0.0-p0/specifications/sprockets-rails-2.0.1.gemspec
I, [2014-07-22T13:09:43.518437 #39309]  INFO -- : 0:  rails (4.0.2) from /Users/mcatrett/.rvm/gems/ruby-2.0.0-p0/specifications/rails-4.0.2.gemspec
I, [2014-07-22T13:09:43.518747 #39309]  INFO -- : 0:  sass-rails (4.0.3) from /Users/mcatrett/.rvm/gems/ruby-2.0.0-p0/specifications/sass-rails-4.0.3.gemspec
I, [2014-07-22T13:09:43.519021 #39309]  INFO -- : 0:  simple_form (3.0.1) from /Users/mcatrett/.rvm/gems/ruby-2.0.0-p0/specifications/simple_form-3.0.1.gemspec
I, [2014-07-22T13:09:43.519265 #39309]  INFO -- : 0:  sqlite3 (1.3.9) from /Users/mcatrett/.rvm/gems/ruby-2.0.0-p0/specifications/sqlite3-1.3.9.gemspec
I, [2014-07-22T13:09:43.519511 #39309]  INFO -- : 0:  turbolinks (2.2.2) from /Users/mcatrett/.rvm/gems/ruby-2.0.0-p0/specifications/turbolinks-2.2.2.gemspec
I, [2014-07-22T13:09:43.519750 #39309]  INFO -- : 0:  uglifier (2.5.3) from /Users/mcatrett/.rvm/gems/ruby-2.0.0-p0/specifications/uglifier-2.5.3.gemspec
I, [2014-07-22T16:16:12.827883 #44852]  INFO -- : 0:  rake (10.3.2) from /Users/mcatrett/.rvm/gems/ruby-2.0.0-p0/specifications/rake-10.3.2.gemspec
I, [2014-07-22T16:16:12.832971 #44852]  INFO -- : 0:  i18n (0.6.11) from /Users/mcatrett/.rvm/gems/ruby-2.0.0-p0/specifications/i18n-0.6.11.gemspec
I, [2014-07-22T16:16:12.833740 #44852]  INFO -- : 0:  minitest (4.7.5) from /Users/mcatrett/.rvm/gems/ruby-2.0.0-p0/specifications/minitest-4.7.5.gemspec
I, [2014-07-22T16:16:12.834472 #44852]  INFO -- : 0:  multi_json (1.10.1) from /Users/mcatrett/.rvm/gems/ruby-2.0.0-p0/specifications/multi_json-1.10.1.gemspec
I, [2014-07-22T16:16:12.834879 #44852]  INFO -- : 0:  thread_safe (0.3.4) from /Users/mcatrett/.rvm/gems/ruby-2.0.0-p0/specifications/thread_safe-0.3.4.gemspec
I, [2014-07-22T16:16:12.835399 #44852]  INFO -- : 0:  tzinfo (0.3.40) from /Users/mcatrett/.rvm/gems/ruby-2.0.0-p0/specifications/tzinfo-0.3.40.gemspec
I, [2014-07-22T16:16:12.835836 #44852]  INFO -- : 0:  activesupport (4.0.2) from /Users/mcatrett/.rvm/gems/ruby-2.0.0-p0/specifications/activesupport-4.0.2.gemspec
I, [2014-07-22T16:16:12.836297 #44852]  INFO -- : 0:  builder (3.1.4) from /Users/mcatrett/.rvm/gems/ruby-2.0.0-p0/specifications/builder-3.1.4.gemspec
I, [2014-07-22T16:16:12.836728 #44852]  INFO -- : 0:  erubis (2.7.0) from /Users/mcatrett/.rvm/gems/ruby-2.0.0-p0/specifications/erubis-2.7.0.gemspec
I, [2014-07-22T16:16:12.837274 #44852]  INFO -- : 0:  rack (1.5.2) from /Users/mcatrett/.rvm/gems/ruby-2.0.0-p0/specifications/rack-1.5.2.gemspec
I, [2014-07-22T16:16:12.837722 #44852]  INFO -- : 0:  rack-test (0.6.2) from /Users/mcatrett/.rvm/gems/ruby-2.0.0-p0/specifications/rack-test-0.6.2.gemspec
I, [2014-07-22T16:16:12.838139 #44852]  INFO -- : 0:  actionpack (4.0.2) from /Users/mcatrett/.rvm/gems/ruby-2.0.0-p0/specifications/actionpack-4.0.2.gemspec
I, [2014-07-22T16:16:12.838523 #44852]  INFO -- : 0:  mime-types (1.25.1) from /Users/mcatrett/.rvm/gems/ruby-2.0.0-p0/specifications/mime-types-1.25.1.gemspec
I, [2014-07-22T16:16:12.838894 #44852]  INFO -- : 0:  polyglot (0.3.5) from /Users/mcatrett/.rvm/gems/ruby-2.0.0-p0/specifications/polyglot-0.3.5.gemspec
I, [2014-07-22T16:16:12.839283 #44852]  INFO -- : 0:  treetop (1.4.15) from /Users/mcatrett/.rvm/gems/ruby-2.0.0-p0/specifications/treetop-1.4.15.gemspec
I, [2014-07-22T16:16:12.839655 #44852]  INFO -- : 0:  mail (2.5.4) from /Users/mcatrett/.rvm/gems/ruby-2.0.0-p0/specifications/mail-2.5.4.gemspec
I, [2014-07-22T16:16:12.840019 #44852]  INFO -- : 0:  actionmailer (4.0.2) from /Users/mcatrett/.rvm/gems/ruby-2.0.0-p0/specifications/actionmailer-4.0.2.gemspec
I, [2014-07-22T16:16:12.840376 #44852]  INFO -- : 0:  activemodel (4.0.2) from /Users/mcatrett/.rvm/gems/ruby-2.0.0-p0/specifications/activemodel-4.0.2.gemspec
I, [2014-07-22T16:16:12.840759 #44852]  INFO -- : 0:  activerecord-deprecated_finders (1.0.3) from /Users/mcatrett/.rvm/gems/ruby-2.0.0-p0/specifications/activerecord-deprecated_finders-1.0.3.gemspec
I, [2014-07-22T16:16:12.841144 #44852]  INFO -- : 0:  arel (4.0.2) from /Users/mcatrett/.rvm/gems/ruby-2.0.0-p0/specifications/arel-4.0.2.gemspec
I, [2014-07-22T16:16:12.841504 #44852]  INFO -- : 0:  activerecord (4.0.2) from /Users/mcatrett/.rvm/gems/ruby-2.0.0-p0/specifications/activerecord-4.0.2.gemspec
I, [2014-07-22T16:16:12.841884 #44852]  INFO -- : 0:  execjs (2.2.1) from /Users/mcatrett/.rvm/gems/ruby-2.0.0-p0/specifications/execjs-2.2.1.gemspec
I, [2014-07-22T16:16:12.842320 #44852]  INFO -- : 0:  autoprefixer-rails (2.1.1.20140710) from /Users/mcatrett/.rvm/gems/ruby-2.0.0-p0/specifications/autoprefixer-rails-2.1.1.20140710.gemspec
I, [2014-07-22T16:16:12.842737 #44852]  INFO -- : 0:  sass (3.2.19) from /Users/mcatrett/.rvm/gems/ruby-2.0.0-p0/specifications/sass-3.2.19.gemspec
I, [2014-07-22T16:16:12.843032 #44852]  INFO -- : 0:  bootstrap-sass (3.2.0.0) from /Users/mcatrett/.rvm/gems/ruby-2.0.0-p0/specifications/bootstrap-sass-3.2.0.0.gemspec
I, [2014-07-22T16:16:12.843295 #44852]  INFO -- : 0:  bundler (1.5.1) from /Users/mcatrett/.rvm/gems/ruby-2.0.0-p0/specifications/bundler-1.5.1.gemspec
I, [2014-07-22T16:16:12.843569 #44852]  INFO -- : 0:  coffee-script-source (1.7.1) from /Users/mcatrett/.rvm/gems/ruby-2.0.0-p0/specifications/coffee-script-source-1.7.1.gemspec
I, [2014-07-22T16:16:12.843889 #44852]  INFO -- : 0:  coffee-script (2.3.0) from /Users/mcatrett/.rvm/gems/ruby-2.0.0-p0/specifications/coffee-script-2.3.0.gemspec
I, [2014-07-22T16:16:12.844170 #44852]  INFO -- : 0:  thor (0.19.1) from /Users/mcatrett/.rvm/gems/ruby-2.0.0-p0/specifications/thor-0.19.1.gemspec
I, [2014-07-22T16:16:12.844461 #44852]  INFO -- : 0:  railties (4.0.2) from /Users/mcatrett/.rvm/gems/ruby-2.0.0-p0/specifications/railties-4.0.2.gemspec
I, [2014-07-22T16:16:12.844728 #44852]  INFO -- : 0:  coffee-rails (4.0.1) from /Users/mcatrett/.rvm/gems/ruby-2.0.0-p0/specifications/coffee-rails-4.0.1.gemspec
I, [2014-07-22T16:16:12.845014 #44852]  INFO -- : 0:  forgery (0.6.0) from /Users/mcatrett/.rvm/gems/ruby-2.0.0-p0/specifications/forgery-0.6.0.gemspec
I, [2014-07-22T16:16:12.845299 #44852]  INFO -- : 0:  high_voltage (2.1.0) from /Users/mcatrett/.rvm/gems/ruby-2.0.0-p0/specifications/high_voltage-2.1.0.gemspec
I, [2014-07-22T16:16:12.845596 #44852]  INFO -- : 0:  hike (1.2.3) from /Users/mcatrett/.rvm/gems/ruby-2.0.0-p0/specifications/hike-1.2.3.gemspec
I, [2014-07-22T16:16:12.845886 #44852]  INFO -- : 0:  jbuilder (1.5.3) from /Users/mcatrett/.rvm/gems/ruby-2.0.0-p0/specifications/jbuilder-1.5.3.gemspec
I, [2014-07-22T16:16:12.846168 #44852]  INFO -- : 0:  jquery-rails (3.1.1) from /Users/mcatrett/.rvm/gems/ruby-2.0.0-p0/specifications/jquery-rails-3.1.1.gemspec
I, [2014-07-22T16:16:12.846717 #44852]  INFO -- : 0:  json (1.8.1) from /Users/mcatrett/.rvm/gems/ruby-2.0.0-p0/specifications/json-1.8.1.gemspec
I, [2014-07-22T16:16:12.847006 #44852]  INFO -- : 0:  tilt (1.4.1) from /Users/mcatrett/.rvm/gems/ruby-2.0.0-p0/specifications/tilt-1.4.1.gemspec
I, [2014-07-22T16:16:12.847306 #44852]  INFO -- : 0:  sprockets (2.11.0) from /Users/mcatrett/.rvm/gems/ruby-2.0.0-p0/specifications/sprockets-2.11.0.gemspec
I, [2014-07-22T16:16:12.847561 #44852]  INFO -- : 0:  sprockets-rails (2.0.1) from /Users/mcatrett/.rvm/gems/ruby-2.0.0-p0/specifications/sprockets-rails-2.0.1.gemspec
I, [2014-07-22T16:16:12.847855 #44852]  INFO -- : 0:  rails (4.0.2) from /Users/mcatrett/.rvm/gems/ruby-2.0.0-p0/specifications/rails-4.0.2.gemspec
I, [2014-07-22T16:16:12.848151 #44852]  INFO -- : 0:  sass-rails (4.0.3) from /Users/mcatrett/.rvm/gems/ruby-2.0.0-p0/specifications/sass-rails-4.0.3.gemspec
I, [2014-07-22T16:16:12.848685 #44852]  INFO -- : 0:  simple_form (3.0.1) from /Users/mcatrett/.rvm/gems/ruby-2.0.0-p0/specifications/simple_form-3.0.1.gemspec
I, [2014-07-22T16:16:12.849140 #44852]  INFO -- : 0:  sqlite3 (1.3.9) from /Users/mcatrett/.rvm/gems/ruby-2.0.0-p0/specifications/sqlite3-1.3.9.gemspec
I, [2014-07-22T16:16:12.849567 #44852]  INFO -- : 0:  turbolinks (2.2.2) from /Users/mcatrett/.rvm/gems/ruby-2.0.0-p0/specifications/turbolinks-2.2.2.gemspec
I, [2014-07-22T16:16:12.849878 #44852]  INFO -- : 0:  uglifier (2.5.3) from /Users/mcatrett/.rvm/gems/ruby-2.0.0-p0/specifications/uglifier-2.5.3.gemspec
I, [2014-07-22T17:29:51.983718 #46769]  INFO -- : 0:  rake (10.3.2) from /Users/mcatrett/.rvm/gems/ruby-2.0.0-p0/specifications/rake-10.3.2.gemspec
I, [2014-07-22T17:29:51.985495 #46769]  INFO -- : 0:  i18n (0.6.11) from /Users/mcatrett/.rvm/gems/ruby-2.0.0-p0/specifications/i18n-0.6.11.gemspec
I, [2014-07-22T17:29:51.986175 #46769]  INFO -- : 0:  minitest (4.7.5) from /Users/mcatrett/.rvm/gems/ruby-2.0.0-p0/specifications/minitest-4.7.5.gemspec
I, [2014-07-22T17:29:51.986730 #46769]  INFO -- : 0:  multi_json (1.10.1) from /Users/mcatrett/.rvm/gems/ruby-2.0.0-p0/specifications/multi_json-1.10.1.gemspec
I, [2014-07-22T17:29:51.987168 #46769]  INFO -- : 0:  thread_safe (0.3.4) from /Users/mcatrett/.rvm/gems/ruby-2.0.0-p0/specifications/thread_safe-0.3.4.gemspec
I, [2014-07-22T17:29:51.987513 #46769]  INFO -- : 0:  tzinfo (0.3.40) from /Users/mcatrett/.rvm/gems/ruby-2.0.0-p0/specifications/tzinfo-0.3.40.gemspec
I, [2014-07-22T17:29:51.987818 #46769]  INFO -- : 0:  activesupport (4.0.2) from /Users/mcatrett/.rvm/gems/ruby-2.0.0-p0/specifications/activesupport-4.0.2.gemspec
I, [2014-07-22T17:29:51.988115 #46769]  INFO -- : 0:  builder (3.1.4) from /Users/mcatrett/.rvm/gems/ruby-2.0.0-p0/specifications/builder-3.1.4.gemspec
I, [2014-07-22T17:29:51.988398 #46769]  INFO -- : 0:  erubis (2.7.0) from /Users/mcatrett/.rvm/gems/ruby-2.0.0-p0/specifications/erubis-2.7.0.gemspec
I, [2014-07-22T17:29:51.988658 #46769]  INFO -- : 0:  rack (1.5.2) from /Users/mcatrett/.rvm/gems/ruby-2.0.0-p0/specifications/rack-1.5.2.gemspec
I, [2014-07-22T17:29:51.988940 #46769]  INFO -- : 0:  rack-test (0.6.2) from /Users/mcatrett/.rvm/gems/ruby-2.0.0-p0/specifications/rack-test-0.6.2.gemspec
I, [2014-07-22T17:29:51.989200 #46769]  INFO -- : 0:  actionpack (4.0.2) from /Users/mcatrett/.rvm/gems/ruby-2.0.0-p0/specifications/actionpack-4.0.2.gemspec
I, [2014-07-22T17:29:51.989458 #46769]  INFO -- : 0:  mime-types (1.25.1) from /Users/mcatrett/.rvm/gems/ruby-2.0.0-p0/specifications/mime-types-1.25.1.gemspec
I, [2014-07-22T17:29:51.989720 #46769]  INFO -- : 0:  polyglot (0.3.5) from /Users/mcatrett/.rvm/gems/ruby-2.0.0-p0/specifications/polyglot-0.3.5.gemspec
I, [2014-07-22T17:29:51.990031 #46769]  INFO -- : 0:  treetop (1.4.15) from /Users/mcatrett/.rvm/gems/ruby-2.0.0-p0/specifications/treetop-1.4.15.gemspec
I, [2014-07-22T17:29:51.990301 #46769]  INFO -- : 0:  mail (2.5.4) from /Users/mcatrett/.rvm/gems/ruby-2.0.0-p0/specifications/mail-2.5.4.gemspec
I, [2014-07-22T17:29:51.990566 #46769]  INFO -- : 0:  actionmailer (4.0.2) from /Users/mcatrett/.rvm/gems/ruby-2.0.0-p0/specifications/actionmailer-4.0.2.gemspec
I, [2014-07-22T17:29:51.990836 #46769]  INFO -- : 0:  activemodel (4.0.2) from /Users/mcatrett/.rvm/gems/ruby-2.0.0-p0/specifications/activemodel-4.0.2.gemspec
I, [2014-07-22T17:29:51.991107 #46769]  INFO -- : 0:  activerecord-deprecated_finders (1.0.3) from /Users/mcatrett/.rvm/gems/ruby-2.0.0-p0/specifications/activerecord-deprecated_finders-1.0.3.gemspec
I, [2014-07-22T17:29:51.991507 #46769]  INFO -- : 0:  arel (4.0.2) from /Users/mcatrett/.rvm/gems/ruby-2.0.0-p0/specifications/arel-4.0.2.gemspec
I, [2014-07-22T17:29:51.991778 #46769]  INFO -- : 0:  activerecord (4.0.2) from /Users/mcatrett/.rvm/gems/ruby-2.0.0-p0/specifications/activerecord-4.0.2.gemspec
I, [2014-07-22T17:29:51.992048 #46769]  INFO -- : 0:  execjs (2.2.1) from /Users/mcatrett/.rvm/gems/ruby-2.0.0-p0/specifications/execjs-2.2.1.gemspec
I, [2014-07-22T17:29:51.992318 #46769]  INFO -- : 0:  autoprefixer-rails (2.1.1.20140710) from /Users/mcatrett/.rvm/gems/ruby-2.0.0-p0/specifications/autoprefixer-rails-2.1.1.20140710.gemspec
I, [2014-07-22T17:29:51.992594 #46769]  INFO -- : 0:  thor (0.19.1) from /Users/mcatrett/.rvm/gems/ruby-2.0.0-p0/specifications/thor-0.19.1.gemspec
I, [2014-07-22T17:29:51.992860 #46769]  INFO -- : 0:  railties (4.0.2) from /Users/mcatrett/.rvm/gems/ruby-2.0.0-p0/specifications/railties-4.0.2.gemspec
I, [2014-07-22T17:29:53.141401 #46769]  INFO -- : 0:  bootstrap-datepicker-rails (1.3.0.2) from /Users/mcatrett/.rvm/gems/ruby-2.0.0-p0/specifications/bootstrap-datepicker-rails-1.3.0.2.gemspec
I, [2014-07-22T17:29:53.141989 #46769]  INFO -- : 0:  sass (3.2.19) from /Users/mcatrett/.rvm/gems/ruby-2.0.0-p0/specifications/sass-3.2.19.gemspec
I, [2014-07-22T17:29:53.142480 #46769]  INFO -- : 0:  bootstrap-sass (3.2.0.0) from /Users/mcatrett/.rvm/gems/ruby-2.0.0-p0/specifications/bootstrap-sass-3.2.0.0.gemspec
I, [2014-07-22T17:29:53.142847 #46769]  INFO -- : 0:  bundler (1.5.1) from /Users/mcatrett/.rvm/gems/ruby-2.0.0-p0/specifications/bundler-1.5.1.gemspec
I, [2014-07-22T17:29:53.143202 #46769]  INFO -- : 0:  coffee-script-source (1.7.1) from /Users/mcatrett/.rvm/gems/ruby-2.0.0-p0/specifications/coffee-script-source-1.7.1.gemspec
I, [2014-07-22T17:29:53.143630 #46769]  INFO -- : 0:  coffee-script (2.3.0) from /Users/mcatrett/.rvm/gems/ruby-2.0.0-p0/specifications/coffee-script-2.3.0.gemspec
I, [2014-07-22T17:29:53.144077 #46769]  INFO -- : 0:  coffee-rails (4.0.1) from /Users/mcatrett/.rvm/gems/ruby-2.0.0-p0/specifications/coffee-rails-4.0.1.gemspec
I, [2014-07-22T17:29:53.144432 #46769]  INFO -- : 0:  forgery (0.6.0) from /Users/mcatrett/.rvm/gems/ruby-2.0.0-p0/specifications/forgery-0.6.0.gemspec
I, [2014-07-22T17:29:53.144779 #46769]  INFO -- : 0:  high_voltage (2.1.0) from /Users/mcatrett/.rvm/gems/ruby-2.0.0-p0/specifications/high_voltage-2.1.0.gemspec
I, [2014-07-22T17:29:53.145138 #46769]  INFO -- : 0:  hike (1.2.3) from /Users/mcatrett/.rvm/gems/ruby-2.0.0-p0/specifications/hike-1.2.3.gemspec
I, [2014-07-22T17:29:53.145478 #46769]  INFO -- : 0:  jbuilder (1.5.3) from /Users/mcatrett/.rvm/gems/ruby-2.0.0-p0/specifications/jbuilder-1.5.3.gemspec
I, [2014-07-22T17:29:53.145814 #46769]  INFO -- : 0:  jquery-rails (3.1.1) from /Users/mcatrett/.rvm/gems/ruby-2.0.0-p0/specifications/jquery-rails-3.1.1.gemspec
I, [2014-07-22T17:29:53.146160 #46769]  INFO -- : 0:  json (1.8.1) from /Users/mcatrett/.rvm/gems/ruby-2.0.0-p0/specifications/json-1.8.1.gemspec
I, [2014-07-22T17:29:53.146499 #46769]  INFO -- : 0:  tilt (1.4.1) from /Users/mcatrett/.rvm/gems/ruby-2.0.0-p0/specifications/tilt-1.4.1.gemspec
I, [2014-07-22T17:29:53.146832 #46769]  INFO -- : 0:  sprockets (2.11.0) from /Users/mcatrett/.rvm/gems/ruby-2.0.0-p0/specifications/sprockets-2.11.0.gemspec
I, [2014-07-22T17:29:53.147177 #46769]  INFO -- : 0:  sprockets-rails (2.0.1) from /Users/mcatrett/.rvm/gems/ruby-2.0.0-p0/specifications/sprockets-rails-2.0.1.gemspec
I, [2014-07-22T17:29:53.147506 #46769]  INFO -- : 0:  rails (4.0.2) from /Users/mcatrett/.rvm/gems/ruby-2.0.0-p0/specifications/rails-4.0.2.gemspec
I, [2014-07-22T17:29:53.147853 #46769]  INFO -- : 0:  sass-rails (4.0.3) from /Users/mcatrett/.rvm/gems/ruby-2.0.0-p0/specifications/sass-rails-4.0.3.gemspec
I, [2014-07-22T17:29:53.148196 #46769]  INFO -- : 0:  simple_form (3.0.1) from /Users/mcatrett/.rvm/gems/ruby-2.0.0-p0/specifications/simple_form-3.0.1.gemspec
I, [2014-07-22T17:29:53.148544 #46769]  INFO -- : 0:  sqlite3 (1.3.9) from /Users/mcatrett/.rvm/gems/ruby-2.0.0-p0/specifications/sqlite3-1.3.9.gemspec
I, [2014-07-22T17:29:53.148892 #46769]  INFO -- : 0:  turbolinks (2.2.2) from /Users/mcatrett/.rvm/gems/ruby-2.0.0-p0/specifications/turbolinks-2.2.2.gemspec
I, [2014-07-22T17:29:53.149236 #46769]  INFO -- : 0:  uglifier (2.5.3) from /Users/mcatrett/.rvm/gems/ruby-2.0.0-p0/specifications/uglifier-2.5.3.gemspec
